<?xml version="1.0" encoding="UTF-8"?>
<testsuite xmlns:xsi="http://www.w3.org/2001/XMLSchema-instance" xsi:noNamespaceSchemaLocation="https://maven.apache.org/surefire/maven-surefire-plugin/xsd/surefire-test-report-3.0.xsd" version="3.0" name="com.poc.portfolio.ApplicationTests" time="2.076" tests="1" errors="0" skipped="0" failures="0">
  <properties>
[...]
</properties>
  <testcase name="contextLoads" classname="com.poc.portfolio.ApplicationTests" time="0.63">
    <system-out><![CDATA[10:01:00.862 [main] INFO org.springframework.test.context.support.AnnotationConfigContextLoaderUtils -- Could not detect default configuration classes for test class [com.poc.portfolio.ApplicationTests]: ApplicationTests does not declare any static, non-private, non-final, nested classes annotated with @Configuration.
10:01:00.940 [main] INFO org.springframework.boot.test.context.SpringBootTestContextBootstrapper -- Found @SpringBootConfiguration com.poc.portfolio.Application for test class com.poc.portfolio.ApplicationTests

  .   ____          _            __ _ _
 /\\ / ___'_ __ _ _(_)_ __  __ _ \ \ \ \
( ( )\___ | '_ | '_| | '_ \/ _` | \ \ \ \
 \\/  ___)| |_)| | | | | || (_| |  ) ) ) )
  '  |____| .__|_| |_|_| |_\__, | / / / /
 =========|_|==============|___/=/_/_/_/
 :: Spring Boot ::                (v3.2.1)

2024-01-08T10:01:01.230Z  INFO 1918 --- [           main] com.poc.portfolio.ApplicationTests       : Starting ApplicationTests using Java 17.0.9 with PID 1918 (started by runner in /home/runner/work/portfolio-with-spring/portfolio-with-spring)
2024-01-08T10:01:01.231Z  INFO 1918 --- [           main] com.poc.portfolio.ApplicationTests       : No active profile set, falling back to 1 default profile: "default"
2024-01-08T10:01:01.949Z  INFO 1918 --- [           main] o.s.b.a.w.s.WelcomePageHandlerMapping    : Adding welcome page template: index
2024-01-08T10:01:02.171Z  INFO 1918 --- [           main] com.poc.portfolio.ApplicationTests       : Started ApplicationTests in 1.138 seconds (process running for 1.866)
]]></system-out>
  </testcase>
</testsuite>